TN:
SF:src/config/get-env-vars.ts
FN:14,getEnvVars
FNF:1
FNH:1
FNDA:4,getEnvVars
DA:1,1
DA:2,1
DA:3,1
DA:4,1
DA:5,1
DA:6,1
DA:7,1
DA:8,1
DA:9,1
DA:10,1
DA:11,1
DA:12,1
DA:13,1
DA:14,4
DA:15,4
DA:16,4
DA:17,4
DA:18,1
DA:19,1
DA:20,4
DA:21,1
DA:22,1
DA:23,4
DA:24,1
DA:25,1
DA:26,1
DA:27,1
DA:28,1
DA:29,1
DA:30,1
DA:31,1
LF:31
LH:31
BRDA:14,0,0,4
BRDA:17,1,0,1
BRDA:20,2,0,3
BRDA:20,3,0,1
BRDA:23,4,0,2
BRDA:23,5,0,1
BRF:6
BRH:6
end_of_record
TN:
SF:src/controllers/get-events.ts
FN:6,makeGetEvents
FN:10,getEvents
FNF:2
FNH:2
FNDA:1,makeGetEvents
FNDA:1,getEvents
DA:1,1
DA:2,1
DA:3,1
DA:4,1
DA:5,1
DA:6,1
DA:7,1
DA:8,1
DA:9,1
DA:10,1
DA:11,1
DA:12,1
DA:13,1
DA:14,1
DA:15,1
DA:16,1
DA:17,1
DA:18,1
DA:19,1
DA:20,1
DA:21,1
DA:22,1
LF:22
LH:22
BRDA:6,0,0,1
BRDA:10,1,0,1
BRDA:15,2,0,0
BRDA:18,3,0,0
BRDA:18,4,0,0
BRF:5
BRH:2
end_of_record
TN:
SF:src/data-access/counters-db.ts
FN:9,makeCountersDb
FN:14,find
FN:35,update
FNF:3
FNH:3
FNDA:1,makeCountersDb
FNDA:2,find
FNDA:1,update
DA:1,1
DA:2,1
DA:3,1
DA:4,1
DA:5,1
DA:6,1
DA:7,1
DA:8,1
DA:9,1
DA:10,1
DA:11,1
DA:12,1
DA:13,1
DA:14,1
DA:15,2
DA:16,2
DA:17,2
DA:18,1
DA:19,1
DA:20,1
DA:21,1
DA:22,1
DA:23,2
DA:24,1
DA:25,1
DA:26,1
DA:27,1
DA:28,1
DA:29,1
DA:30,1
DA:31,1
DA:32,1
DA:33,1
DA:34,1
DA:35,1
DA:36,1
DA:37,1
DA:38,1
DA:39,1
DA:40,1
DA:41,1
DA:42,1
DA:43,0
DA:44,0
DA:45,0
DA:46,0
DA:47,0
DA:48,1
DA:49,1
DA:50,1
DA:51,1
DA:52,1
DA:53,1
DA:54,1
DA:55,1
DA:56,1
DA:57,1
DA:58,1
DA:59,1
LF:59
LH:54
BRDA:9,0,0,1
BRDA:14,1,0,2
BRDA:24,2,0,1
BRDA:17,3,0,1
BRDA:21,4,0,0
BRDA:21,5,0,0
BRDA:35,6,0,1
BRF:7
BRH:5
end_of_record
TN:
SF:src/data-access/events-db.ts
FN:10,makeEventsDb
FN:16,insert
FNF:2
FNH:2
FNDA:1,makeEventsDb
FNDA:9,insert
DA:1,1
DA:2,1
DA:3,1
DA:4,1
DA:5,1
DA:6,1
DA:7,1
DA:8,1
DA:9,1
DA:10,1
DA:11,1
DA:12,1
DA:13,1
DA:14,1
DA:15,1
DA:16,1
DA:17,9
DA:18,9
DA:19,9
DA:20,9
DA:21,9
DA:22,9
DA:23,9
DA:24,9
DA:25,9
DA:26,9
DA:27,6
DA:28,6
DA:29,6
DA:30,6
DA:31,6
DA:32,9
DA:33,3
DA:34,3
DA:35,3
DA:36,3
DA:37,3
DA:38,1
DA:39,1
DA:40,1
DA:41,1
DA:42,1
LF:42
LH:42
BRDA:10,0,0,1
BRDA:16,1,0,9
BRDA:33,2,0,3
BRDA:26,3,0,6
BRDA:30,4,0,0
BRDA:30,5,0,0
BRF:6
BRH:4
end_of_record
TN:
SF:src/typings/types.ts
FNF:0
FNH:0
DA:1,1
DA:2,1
DA:3,1
LF:3
LH:3
BRF:0
BRH:0
end_of_record
TN:
SF:src/use-cases/fetch-events.ts
FN:14,makeFetchEvents
FN:19,fetchEvents
FNF:2
FNH:2
FNDA:2,makeFetchEvents
FNDA:2,fetchEvents
DA:1,1
DA:2,1
DA:3,1
DA:4,1
DA:5,1
DA:6,1
DA:7,1
DA:8,1
DA:9,1
DA:10,1
DA:11,1
DA:12,1
DA:13,1
DA:14,2
DA:15,2
DA:16,2
DA:17,2
DA:18,2
DA:19,2
DA:20,2
DA:21,2
DA:22,2
DA:23,2
DA:24,2
DA:25,2
DA:26,2
DA:27,2
DA:28,2
DA:29,2
DA:30,2
DA:31,2
DA:32,2
DA:33,2
DA:34,2
DA:35,2
DA:36,2
DA:37,2
DA:38,2
DA:39,2
DA:40,0
DA:41,0
DA:42,2
DA:43,2
DA:44,2
DA:45,2
DA:46,2
DA:47,6
DA:48,6
DA:49,6
DA:50,6
DA:51,6
DA:52,6
DA:53,6
DA:54,6
DA:55,6
DA:56,6
DA:57,2
DA:58,2
DA:59,2
DA:60,2
DA:61,2
DA:62,1
DA:63,1
DA:64,2
DA:65,2
DA:66,2
LF:66
LH:64
BRDA:14,0,0,2
BRDA:19,1,0,2
BRDA:39,2,0,0
BRDA:46,3,0,6
BRDA:61,4,0,1
BRDA:53,5,0,6
BRDA:53,6,0,6
BRF:7
BRH:6
end_of_record
TN:
SF:src/utils/connect.ts
FN:19,makeConnect
FN:20,connect
FNF:2
FNH:2
FNDA:3,makeConnect
FNDA:3,connect
DA:1,1
DA:2,1
DA:3,1
DA:4,1
DA:5,1
DA:6,1
DA:7,1
DA:8,1
DA:9,1
DA:10,1
DA:11,1
DA:12,1
DA:13,1
DA:14,1
DA:15,1
DA:16,1
DA:17,1
DA:18,1
DA:19,3
DA:20,3
DA:21,3
DA:22,3
DA:23,3
DA:24,3
DA:25,3
DA:26,3
DA:27,3
DA:28,3
DA:29,3
DA:30,3
DA:31,3
DA:32,3
DA:33,3
DA:34,3
DA:35,3
DA:36,3
DA:37,3
DA:38,3
DA:39,3
DA:40,3
DA:41,3
LF:41
LH:41
BRDA:19,0,0,3
BRDA:20,1,0,3
BRF:2
BRH:2
end_of_record
